<?xml version="1.0" encoding="UTF-8"?>

<beans xmlns="http://www.springframework.org/schema/beans"
       xmlns:xsi="http://www.w3.org/2001/XMLSchema-instance"
       xsi:schemaLocation="http://www.springframework.org/schema/beans http://www.springframework.org/schema/beans/spring-beans-3.1.xsd">

    <!--<bean id="dataSource" class="org.springframework.jndi.JndiObjectFactoryBean">-->
        <!--<property name="jndiName" value="java:comp/env/jdbc/AllFootSqliteDataSource"/>-->
    <!--</bean>-->

    <bean id="dataSource" class="com.mchange.v2.c3p0.ComboPooledDataSource"
          destroy-method="close">
        <property name="driverClass">
            <value>org.sqlite.JDBC</value>
        </property>
        <property name="jdbcUrl">
            <value>jdbc:sqlite:D:\gitProject\DI\TW-DI\allfoot.db</value>
        </property>
        <property name="user">
            <value></value>
        </property>
        <property name="password">
            <value></value>
        </property>
    </bean>

</beans>